[2022-Jun-27 17:44:09] [ info] --------------------------------------------------------------------------------
[2022-Jun-27 17:44:09] [ info] nrfjprog -f nrf52 --program build/nrf52840_xxaa.hex --sectorerase --verify --log 
[2022-Jun-27 17:44:09] [ info] nrfjprog version 10.15.4 external
[2022-Jun-27 17:44:09] [ info] --------------------------------------------------------------------------------
[2022-Jun-27 17:44:09] [ info] Load library at C:\Program Files (x86)\Nordic Semiconductor\nrf-command-line-tools\bin\nrfjprog.dll.
[2022-Jun-27 17:44:09] [ info] Library loaded, loading member functions.
[2022-Jun-27 17:44:09] [ info] Member functions succesfully loaded.
[2022-Jun-27 17:44:09] [debug] [ Client] - open
[2022-Jun-27 17:44:09] [debug] [ Client] - start
[2022-Jun-27 17:44:09] [ info] [ Client] - stdout: Jlinkarm nRF Worker ready. Handling sequence b925e068-171c-449c-970b-70143e0cb996.
[2022-Jun-27 17:44:09] [trace] [ Client] - Command open executed for 39 milliseconds with result 0
[2022-Jun-27 17:44:09] [debug] [ Client] - enum_emu_snr
[2022-Jun-27 17:44:09] [trace] [ Client] - Command enum_emu_con_info executed for 16 milliseconds with result 0
[2022-Jun-27 17:44:09] [debug] [ Client] - connect_to_emu_with_snr
[2022-Jun-27 17:44:09] [debug] [SeggerBackend] - Logger sink registered in Segger backend logger
[2022-Jun-27 17:44:09] [debug] [  JLink] - Logger sink registered in JLink logger
[2022-Jun-27 17:44:09] [debug] [  nRF52] - open
[2022-Jun-27 17:44:09] [debug] [  nRF52] - just_check_family
[2022-Jun-27 17:44:09] [debug] [SeggerBackend] - open_dll
[2022-Jun-27 17:44:09] [debug] [SeggerBackend] - No J-Link DLL path was provided. Attempting to auto detect.
[2022-Jun-27 17:44:09] [ info] [SeggerBackend] - Load library at C:\Program Files\SEGGER\JLink\JLinkARM.dll.
[2022-Jun-27 17:44:09] [ info] [SeggerBackend] - Library loaded, loading member functions.
[2022-Jun-27 17:44:09] [ info] [SeggerBackend] - Member functions succesfully loaded.
[2022-Jun-27 17:44:09] [debug] [SeggerBackend] - dll_version
[2022-Jun-27 17:44:09] [ info] [SeggerBackend] - Segger dll version 7.66.d loaded.
[2022-Jun-27 17:44:09] [trace] [ Worker] - Command open executed for 4 milliseconds with result 0
[2022-Jun-27 17:44:09] [debug] [  nRF52] - enum_emu_con_info
[2022-Jun-27 17:44:09] [debug] [SeggerBackend] - is_connected_to_emu
[2022-Jun-27 17:44:09] [debug] [SeggerBackend] - enum_emu_con_info
[2022-Jun-27 17:44:09] [debug] [SeggerBackend] - is_connected_to_emu
[2022-Jun-27 17:44:09] [trace] [ Worker] - Command enum_emu_con_info executed for 2 milliseconds with result 0
[2022-Jun-27 17:44:09] [debug] [  nRF52] - connect_to_emu_with_snr
[2022-Jun-27 17:44:09] [debug] [SeggerBackend] - is_connected_to_emu
[2022-Jun-27 17:44:09] [debug] [SeggerBackend] - connect_to_emu_with_snr
[2022-Jun-27 17:44:09] [debug] [SeggerBackend] - is_connected_to_emu
[2022-Jun-27 17:44:09] [debug] [SeggerBackend] - ---just_enum_emu_snr
[2022-Jun-27 17:44:09] [debug] [SeggerBackend] - ---just_get_num_emus
[2022-Jun-27 17:44:09] [debug] [SeggerBackend] - ---just_connect_to_emu_with_snr
[2022-Jun-27 17:44:09] [debug] [SeggerBackend] - ---just_connect_to_emu_without_snr
[2022-Jun-27 17:44:09] [debug] [SeggerBackend] - Segger logging enabled.
[2022-Jun-27 17:44:09] [trace] [  JLink] - Firmware: J-Link V11 compiled Jun 21 2022 09:52:55
[2022-Jun-27 17:44:09] [trace] [  JLink] - Firmware: J-Link V11 compiled Jun 21 2022 09:52:55
[2022-Jun-27 17:44:10] [trace] [  JLink] - Hardware: V11.00
[2022-Jun-27 17:44:10] [trace] [  JLink] - S/N: 51023116
[2022-Jun-27 17:44:10] [trace] [  JLink] - OEM: SEGGER
[2022-Jun-27 17:44:10] [trace] [  JLink] - Feature(s): GDB
[2022-Jun-27 17:44:10] [trace] [  JLink] - USB speed mode: High speed (480 MBit/s)
[2022-Jun-27 17:44:10] [trace] [  JLink] - TELNET listener socket opened on port 19021
[2022-Jun-27 17:44:10] [trace] [  JLink] - WEBSRV WEBSRV_Init(): Starting webserver thread(s)
[2022-Jun-27 17:44:10] [trace] [  JLink] - WEBSRV Webserver running on local port 19080
[2022-Jun-27 17:44:10] [trace] [  JLink] - - 19.492ms returns "O.K."  
[2022-Jun-27 17:44:10] [trace] [  JLink] - JLINK_HasError()  
[2022-Jun-27 17:44:10] [trace] [  JLink] - JLINK_Lock()  
[2022-Jun-27 17:44:10] [trace] [  JLink] - JLINK_GetHWStatus(...)  
[2022-Jun-27 17:44:10] [trace] [  JLink] - - 0.203ms returns 0  
[2022-Jun-27 17:44:10] [trace] [  JLink] - JLINK_HasError()  
[2022-Jun-27 17:44:10] [trace] [  JLink] - JLINK_ExecCommand("SetRestartOnClose = 0", ...).   
[2022-Jun-27 17:44:10] [trace] [  JLink] - - 0.002ms returns 0x01  
[2022-Jun-27 17:44:10] [trace] [  JLink] - JLINK_HasError()  
[2022-Jun-27 17:44:10] [trace] [  JLink] - JLINK_ExecCommand("DisableFlashDL", ...).   
[2022-Jun-27 17:44:10] [trace] [  JLink] - - 0.002ms returns 0x00  
[2022-Jun-27 17:44:10] [trace] [  JLink] - JLINK_HasError()  
[2022-Jun-27 17:44:10] [trace] [  JLink] - JLINK_ExecCommand("ExcludeFlashCacheRange 0x0-0xFFFFFFFF", ...).   
[2022-Jun-27 17:44:10] [trace] [  JLink] - - 0.003ms returns 0x00  
[2022-Jun-27 17:44:10] [trace] [  JLink] - JLINK_HasError()  
[2022-Jun-27 17:44:10] [trace] [  JLink] - JLINK_SetHookUnsecureDialog  
[2022-Jun-27 17:44:10] [trace] [  JLink] - JLINK_SetHookUnsecureDialog(...)
[2022-Jun-27 17:44:10] [trace] [  JLink] - - 0.012ms returns 0  
[2022-Jun-27 17:44:10] [trace] [  JLink] - JLINK_HasError()  
[2022-Jun-27 17:44:10] [trace] [  JLink] - JLINK_TIF_Select(JLINKARM_TIF_SWD)  
[2022-Jun-27 17:44:10] [trace] [  JLink] - - 0.740ms returns 0x00  
[2022-Jun-27 17:44:10] [trace] [  JLink] - JLINK_HasError()  
[2022-Jun-27 17:44:10] [trace] [  JLink] - JLINK_SetSpeed(2000)  
[2022-Jun-27 17:44:10] [trace] [  JLink] - - 0.146ms  
[2022-Jun-27 17:44:10] [trace] [  JLink] - JLINK_HasError()  
[2022-Jun-27 17:44:10] [trace] [  JLink] - JLINK_GetSN()  
[2022-Jun-27 17:44:10] [trace] [  JLink] - - 0.006ms returns 51023116  
[2022-Jun-27 17:44:10] [trace] [  JLink] - JLINK_HasError()  
[2022-Jun-27 17:44:10] [debug] [SeggerBackend] - read_debug_port_idr
[2022-Jun-27 17:44:10] [debug] [SeggerBackend] - read_debug_port_register
[2022-Jun-27 17:44:10] [debug] [SeggerBackend] - ---just_read_debug_port_register
[2022-Jun-27 17:44:10] [debug] [SeggerBackend] - coresight_configure
[2022-Jun-27 17:44:10] [trace] [  JLink] - JLINK_CORESIGHT_Configure()  
[2022-Jun-27 17:44:10] [trace] [  JLink] - - 100.117ms returns 0  
[2022-Jun-27 17:44:10] [trace] [  JLink] - JLINK_HasError()  
[2022-Jun-27 17:44:10] [debug] [SeggerBackend] - ---just_select_debug_port_register
[2022-Jun-27 17:44:10] [debug] [SeggerBackend] - Select AP 255, DP Bank 0, AP Bank 255
[2022-Jun-27 17:44:10] [trace] [  JLink] - JLINK_CORESIGHT_WriteAPDPReg(DP reg 0x02, 0x00000000)  
[2022-Jun-27 17:44:10] [trace] [  JLink] - - 0.799ms returns -1  
[2022-Jun-27 17:44:10] [trace] [  JLink] - JLINK_HasError()  
[2022-Jun-27 17:44:10] [error] [SeggerBackend] - JLinkARM.dll reported "-1", "An unknown error.".
[2022-Jun-27 17:44:10] [debug] [SeggerBackend] - ---just_abort_debug_action
[2022-Jun-27 17:44:10] [debug] [SeggerBackend] - Attempting to clear any configuration errors in debug port before closing connection. 
[2022-Jun-27 17:44:10] [trace] [  JLink] - JLINK_CORESIGHT_WriteAPDPReg(DP reg 0x00, 0x0000001F)  
[2022-Jun-27 17:44:10] [trace] [  JLink] - - 0.585ms returns -1  
[2022-Jun-27 17:44:10] [trace] [  JLink] - JLINK_HasError()  
[2022-Jun-27 17:44:10] [error] [SeggerBackend] - JLinkARM.dll reported "-1", "An unknown error.".
[2022-Jun-27 17:44:10] [trace] [  JLink] - JLINK_CORESIGHT_WriteAPDPReg(DP reg 0x00, 0x0000001F)  
[2022-Jun-27 17:44:10] [trace] [  JLink] - - 0.715ms returns -1  
[2022-Jun-27 17:44:10] [trace] [  JLink] - JLINK_HasError()  
[2022-Jun-27 17:44:10] [error] [SeggerBackend] - JLinkARM.dll reported "-1", "An unknown error.".
[2022-Jun-27 17:44:10] [trace] [  JLink] - JLINK_CORESIGHT_WriteAPDPReg(DP reg 0x00, 0x0000001F)  
[2022-Jun-27 17:44:10] [trace] [  JLink] - - 0.771ms returns -1  
[2022-Jun-27 17:44:10] [trace] [  JLink] - JLINK_HasError()  
[2022-Jun-27 17:44:10] [error] [SeggerBackend] - JLinkARM.dll reported "-1", "An unknown error.".
[2022-Jun-27 17:44:10] [trace] [  JLink] - JLINK_CORESIGHT_WriteAPDPReg(DP reg 0x00, 0x0000001F)  
[2022-Jun-27 17:44:10] [trace] [  JLink] - - 0.606ms returns -1  
[2022-Jun-27 17:44:10] [trace] [  JLink] - JLINK_HasError()  
[2022-Jun-27 17:44:10] [error] [SeggerBackend] - JLinkARM.dll reported "-1", "An unknown error.".
[2022-Jun-27 17:44:10] [trace] [  JLink] - JLINK_CORESIGHT_WriteAPDPReg(DP reg 0x00, 0x0000001F)  
[2022-Jun-27 17:44:10] [trace] [  JLink] - - 0.565ms returns -1  
[2022-Jun-27 17:44:10] [trace] [  JLink] - JLINK_HasError()  
[2022-Jun-27 17:44:10] [error] [SeggerBackend] - JLinkARM.dll reported "-1", "An unknown error.".
[2022-Jun-27 17:44:10] [trace] [  JLink] - JLINK_CORESIGHT_WriteAPDPReg(DP reg 0x02, 0x00000000)  
[2022-Jun-27 17:44:10] [trace] [  JLink] - - 0.502ms returns -1  
[2022-Jun-27 17:44:10] [trace] [  JLink] - JLINK_HasError()  
[2022-Jun-27 17:44:10] [error] [SeggerBackend] - JLinkARM.dll reported "-1", "An unknown error.".
[2022-Jun-27 17:44:10] [debug] [SeggerBackend] - ---just_abort_debug_action
[2022-Jun-27 17:44:10] [debug] [SeggerBackend] - Attempting to clear any configuration errors in debug port before closing connection. 
[2022-Jun-27 17:44:10] [trace] [  JLink] - JLINK_CORESIGHT_WriteAPDPReg(DP reg 0x00, 0x0000001F)  
[2022-Jun-27 17:44:10] [trace] [  JLink] - - 0.590ms returns -1  
[2022-Jun-27 17:44:10] [trace] [  JLink] - JLINK_HasError()  
[2022-Jun-27 17:44:10] [error] [SeggerBackend] - JLinkARM.dll reported "-1", "An unknown error.".
[2022-Jun-27 17:44:10] [trace] [  JLink] - JLINK_CORESIGHT_WriteAPDPReg(DP reg 0x00, 0x0000001F)  
[2022-Jun-27 17:44:10] [trace] [  JLink] - - 0.545ms returns -1  
[2022-Jun-27 17:44:10] [trace] [  JLink] - JLINK_HasError()  
[2022-Jun-27 17:44:10] [error] [SeggerBackend] - JLinkARM.dll reported "-1", "An unknown error.".
[2022-Jun-27 17:44:10] [trace] [  JLink] - JLINK_CORESIGHT_WriteAPDPReg(DP reg 0x00, 0x0000001F)  
[2022-Jun-27 17:44:10] [trace] [  JLink] - - 0.512ms returns -1  
[2022-Jun-27 17:44:10] [trace] [  JLink] - JLINK_HasError()  
[2022-Jun-27 17:44:10] [error] [SeggerBackend] - JLinkARM.dll reported "-1", "An unknown error.".
[2022-Jun-27 17:44:10] [trace] [  JLink] - JLINK_CORESIGHT_WriteAPDPReg(DP reg 0x00, 0x0000001F)  
[2022-Jun-27 17:44:10] [trace] [  JLink] - - 0.544ms returns -1  
[2022-Jun-27 17:44:10] [trace] [  JLink] - JLINK_HasError()  
[2022-Jun-27 17:44:10] [error] [SeggerBackend] - JLinkARM.dll reported "-1", "An unknown error.".
[2022-Jun-27 17:44:10] [trace] [  JLink] - JLINK_CORESIGHT_WriteAPDPReg(DP reg 0x00, 0x0000001F)  
[2022-Jun-27 17:44:10] [trace] [  JLink] - - 0.512ms returns -1  
[2022-Jun-27 17:44:10] [trace] [  JLink] - JLINK_HasError()  
[2022-Jun-27 17:44:10] [error] [SeggerBackend] - JLinkARM.dll reported "-1", "An unknown error.".
[2022-Jun-27 17:44:10] [trace] [  JLink] - JLINK_CORESIGHT_WriteAPDPReg(DP reg 0x02, 0x00000000)  
[2022-Jun-27 17:44:10] [trace] [  JLink] - - 0.566ms returns -1  
[2022-Jun-27 17:44:10] [trace] [  JLink] - JLINK_HasError()  
[2022-Jun-27 17:44:10] [error] [SeggerBackend] - JLinkARM.dll reported "-1", "An unknown error.".
[2022-Jun-27 17:44:10] [debug] [SeggerBackend] - ---just_abort_debug_action
[2022-Jun-27 17:44:10] [debug] [SeggerBackend] - Attempting to clear any configuration errors in debug port before closing connection. 
[2022-Jun-27 17:44:10] [trace] [  JLink] - JLINK_CORESIGHT_WriteAPDPReg(DP reg 0x00, 0x0000001F)  
[2022-Jun-27 17:44:10] [trace] [  JLink] - - 0.513ms returns -1  
[2022-Jun-27 17:44:10] [trace] [  JLink] - JLINK_HasError()  
[2022-Jun-27 17:44:10] [error] [SeggerBackend] - JLinkARM.dll reported "-1", "An unknown error.".
[2022-Jun-27 17:44:10] [trace] [  JLink] - JLINK_CORESIGHT_WriteAPDPReg(DP reg 0x00, 0x0000001F)  
[2022-Jun-27 17:44:10] [trace] [  JLink] - - 0.578ms returns -1  
[2022-Jun-27 17:44:10] [trace] [  JLink] - JLINK_HasError()  
[2022-Jun-27 17:44:10] [error] [SeggerBackend] - JLinkARM.dll reported "-1", "An unknown error.".
[2022-Jun-27 17:44:10] [trace] [  JLink] - JLINK_CORESIGHT_WriteAPDPReg(DP reg 0x00, 0x0000001F)  
[2022-Jun-27 17:44:10] [trace] [  JLink] - - 0.550ms returns -1  
[2022-Jun-27 17:44:10] [trace] [  JLink] - JLINK_HasError()  
[2022-Jun-27 17:44:10] [error] [SeggerBackend] - JLinkARM.dll reported "-1", "An unknown error.".
[2022-Jun-27 17:44:10] [trace] [  JLink] - JLINK_CORESIGHT_WriteAPDPReg(DP reg 0x00, 0x0000001F)  
[2022-Jun-27 17:44:10] [trace] [  JLink] - - 0.574ms returns -1  
[2022-Jun-27 17:44:10] [trace] [  JLink] - JLINK_HasError()  
[2022-Jun-27 17:44:10] [error] [SeggerBackend] - JLinkARM.dll reported "-1", "An unknown error.".
[2022-Jun-27 17:44:10] [trace] [  JLink] - JLINK_CORESIGHT_WriteAPDPReg(DP reg 0x00, 0x0000001F)  
[2022-Jun-27 17:44:10] [trace] [  JLink] - - 0.647ms returns -1  
[2022-Jun-27 17:44:10] [trace] [  JLink] - JLINK_HasError()  
[2022-Jun-27 17:44:10] [error] [SeggerBackend] - JLinkARM.dll reported "-1", "An unknown error.".
[2022-Jun-27 17:44:10] [trace] [  JLink] - JLINK_CORESIGHT_WriteAPDPReg(DP reg 0x02, 0x00000000)  
[2022-Jun-27 17:44:10] [trace] [  JLink] - - 0.527ms returns -1  
[2022-Jun-27 17:44:10] [trace] [  JLink] - JLINK_HasError()  
[2022-Jun-27 17:44:10] [error] [SeggerBackend] - JLinkARM.dll reported "-1", "An unknown error.".
[2022-Jun-27 17:44:10] [debug] [SeggerBackend] - ---just_abort_debug_action
[2022-Jun-27 17:44:10] [debug] [SeggerBackend] - Attempting to clear any configuration errors in debug port before closing connection. 
[2022-Jun-27 17:44:10] [trace] [  JLink] - JLINK_CORESIGHT_WriteAPDPReg(DP reg 0x00, 0x0000001F)  
[2022-Jun-27 17:44:10] [trace] [  JLink] - - 0.565ms returns -1  
[2022-Jun-27 17:44:10] [trace] [  JLink] - JLINK_HasError()  
[2022-Jun-27 17:44:10] [error] [SeggerBackend] - JLinkARM.dll reported "-1", "An unknown error.".
[2022-Jun-27 17:44:10] [trace] [  JLink] - JLINK_CORESIGHT_WriteAPDPReg(DP reg 0x00, 0x0000001F)  
[2022-Jun-27 17:44:10] [trace] [  JLink] - - 0.557ms returns -1  
[2022-Jun-27 17:44:10] [trace] [  JLink] - JLINK_HasError()  
[2022-Jun-27 17:44:10] [error] [SeggerBackend] - JLinkARM.dll reported "-1", "An unknown error.".
[2022-Jun-27 17:44:10] [trace] [  JLink] - JLINK_CORESIGHT_WriteAPDPReg(DP reg 0x00, 0x0000001F)  
[2022-Jun-27 17:44:10] [trace] [  JLink] - - 0.545ms returns -1  
[2022-Jun-27 17:44:10] [trace] [  JLink] - JLINK_HasError()  
[2022-Jun-27 17:44:10] [error] [SeggerBackend] - JLinkARM.dll reported "-1", "An unknown error.".
[2022-Jun-27 17:44:10] [trace] [  JLink] - JLINK_CORESIGHT_WriteAPDPReg(DP reg 0x00, 0x0000001F)  
[2022-Jun-27 17:44:10] [trace] [  JLink] - - 0.574ms returns -1  
[2022-Jun-27 17:44:10] [trace] [  JLink] - JLINK_HasError()  
[2022-Jun-27 17:44:10] [error] [SeggerBackend] - JLinkARM.dll reported "-1", "An unknown error.".
[2022-Jun-27 17:44:10] [trace] [  JLink] - JLINK_CORESIGHT_WriteAPDPReg(DP reg 0x00, 0x0000001F)  
[2022-Jun-27 17:44:10] [trace] [ Client] - Command connect_to_emu_with_snr executed for 174 milliseconds with result -102
[2022-Jun-27 17:44:10] [trace] [  JLink] - - 0.548ms returns -1  
[2022-Jun-27 17:44:10] [trace] [  JLink] - JLINK_HasError()  
[2022-Jun-27 17:44:10] [error] [SeggerBackend] - JLinkARM.dll reported "-1", "An unknown error.".
[2022-Jun-27 17:44:10] [trace] [  JLink] - JLINK_CORESIGHT_WriteAPDPReg(DP reg 0x02, 0x00000000)  
[2022-Jun-27 17:44:10] [trace] [  JLink] - - 0.488ms returns -1  
[2022-Jun-27 17:44:10] [trace] [  JLink] - JLINK_HasError()  
[2022-Jun-27 17:44:10] [error] [SeggerBackend] - JLinkARM.dll reported "-1", "An unknown error.".
[2022-Jun-27 17:44:10] [debug] [SeggerBackend] - ---just_abort_debug_action
[2022-Jun-27 17:44:10] [debug] [SeggerBackend] - Attempting to clear any configuration errors in debug port before closing connection. 
[2022-Jun-27 17:44:10] [trace] [  JLink] - JLINK_CORESIGHT_WriteAPDPReg(DP reg 0x00, 0x0000001F)  
[2022-Jun-27 17:44:10] [trace] [  JLink] - - 0.511ms returns -1  
[2022-Jun-27 17:44:10] [trace] [  JLink] - JLINK_HasError()  
[2022-Jun-27 17:44:10] [error] [SeggerBackend] - JLinkARM.dll reported "-1", "An unknown error.".
[2022-Jun-27 17:44:10] [trace] [  JLink] - JLINK_CORESIGHT_WriteAPDPReg(DP reg 0x00, 0x0000001F)  
[2022-Jun-27 17:44:10] [trace] [  JLink] - - 0.495ms returns -1  
[2022-Jun-27 17:44:10] [trace] [  JLink] - JLINK_HasError()  
[2022-Jun-27 17:44:10] [error] [SeggerBackend] - JLinkARM.dll reported "-1", "An unknown error.".
[2022-Jun-27 17:44:10] [trace] [  JLink] - JLINK_CORESIGHT_WriteAPDPReg(DP reg 0x00, 0x0000001F)  
[2022-Jun-27 17:44:10] [trace] [  JLink] - - 0.457ms returns -1  
[2022-Jun-27 17:44:10] [trace] [  JLink] - JLINK_HasError()  
[2022-Jun-27 17:44:10] [error] [SeggerBackend] - JLinkARM.dll reported "-1", "An unknown error.".
[2022-Jun-27 17:44:10] [trace] [  JLink] - JLINK_CORESIGHT_WriteAPDPReg(DP reg 0x00, 0x0000001F)  
[2022-Jun-27 17:44:10] [trace] [  JLink] - - 0.440ms returns -1  
[2022-Jun-27 17:44:10] [trace] [  JLink] - JLINK_HasError()  
[2022-Jun-27 17:44:10] [error] [SeggerBackend] - JLinkARM.dll reported "-1", "An unknown error.".
[2022-Jun-27 17:44:10] [trace] [  JLink] - JLINK_CORESIGHT_WriteAPDPReg(DP reg 0x00, 0x0000001F)  
[2022-Jun-27 17:44:10] [trace] [  JLink] - - 0.489ms returns -1  
[2022-Jun-27 17:44:10] [trace] [  JLink] - JLINK_HasError()  
[2022-Jun-27 17:44:10] [error] [SeggerBackend] - JLinkARM.dll reported "-1", "An unknown error.".
[2022-Jun-27 17:44:10] [trace] [  JLink] - - 0.022ms  
[2022-Jun-27 17:44:10] [trace] [ Worker] - Command connect_to_emu_with_snr executed for 161 milliseconds with result -102
[2022-Jun-27 17:44:10] [debug] [  nRF52] - close
[2022-Jun-27 17:44:10] [debug] [SeggerBackend] - is_connected_to_emu
[2022-Jun-27 17:44:10] [trace] [  JLink] - JLINK_IsOpen()  
[2022-Jun-27 17:44:10] [trace] [  JLink] - - 0.034ms returns 0x01  
[2022-Jun-27 17:44:10] [trace] [  JLink] - JLINK_HasError()  
[2022-Jun-27 17:44:10] [trace] [  JLink] - JLINK_Lock()  
[2022-Jun-27 17:44:10] [debug] [SeggerBackend] - close
[2022-Jun-27 17:44:10] [debug] [SeggerBackend] - disconnect_from_emu
[2022-Jun-27 17:44:10] [debug] [SeggerBackend] - ---just_disconnect_from_emu
[2022-Jun-27 17:44:10] [debug] [SeggerBackend] - is_connected_to_device
[2022-Jun-27 17:44:10] [trace] [  JLink] - JLINK_IsConnected()  
[2022-Jun-27 17:44:10] [trace] [  JLink] - - 0.022ms returns FALSE  
[2022-Jun-27 17:44:10] [trace] [  JLink] - JLINK_HasError()  
[2022-Jun-27 17:44:10] [debug] [SeggerBackend] - ---just_is_debug_region_powered
[2022-Jun-27 17:44:10] [debug] [SeggerBackend] - ---just_read_debug_port_register
[2022-Jun-27 17:44:10] [debug] [SeggerBackend] - ---just_select_debug_port_register
[2022-Jun-27 17:44:10] [debug] [SeggerBackend] - Select AP 255, DP Bank 0, AP Bank 255
[2022-Jun-27 17:44:10] [trace] [  JLink] - JLINK_CORESIGHT_WriteAPDPReg(DP reg 0x02, 0x00000000)  
[2022-Jun-27 17:44:10] [trace] [  JLink] - - 0.787ms returns -1  
[2022-Jun-27 17:44:10] [trace] [  JLink] - JLINK_HasError()  
[2022-Jun-27 17:44:10] [error] [SeggerBackend] - JLinkARM.dll reported "-1", "An unknown error.".
[2022-Jun-27 17:44:10] [debug] [SeggerBackend] - ---just_abort_debug_action
[2022-Jun-27 17:44:10] [debug] [SeggerBackend] - Attempting to clear any configuration errors in debug port before closing connection. 
[2022-Jun-27 17:44:10] [trace] [  JLink] - JLINK_CORESIGHT_WriteAPDPReg(DP reg 0x00, 0x0000001F)  
[2022-Jun-27 17:44:10] [trace] [  JLink] - - 0.811ms returns -1  
[2022-Jun-27 17:44:10] [trace] [  JLink] - JLINK_HasError()  
[2022-Jun-27 17:44:10] [error] [SeggerBackend] - JLinkARM.dll reported "-1", "An unknown error.".
[2022-Jun-27 17:44:10] [trace] [  JLink] - JLINK_CORESIGHT_WriteAPDPReg(DP reg 0x00, 0x0000001F)  
[2022-Jun-27 17:44:10] [trace] [  JLink] - - 0.620ms returns -1  
[2022-Jun-27 17:44:10] [trace] [  JLink] - JLINK_HasError()  
[2022-Jun-27 17:44:10] [error] [SeggerBackend] - JLinkARM.dll reported "-1", "An unknown error.".
[2022-Jun-27 17:44:10] [trace] [  JLink] - JLINK_CORESIGHT_WriteAPDPReg(DP reg 0x00, 0x0000001F)  
[2022-Jun-27 17:44:10] [trace] [  JLink] - - 0.612ms returns -1  
[2022-Jun-27 17:44:10] [trace] [  JLink] - JLINK_HasError()  
[2022-Jun-27 17:44:10] [error] [SeggerBackend] - JLinkARM.dll reported "-1", "An unknown error.".
[2022-Jun-27 17:44:10] [trace] [  JLink] - JLINK_CORESIGHT_WriteAPDPReg(DP reg 0x00, 0x0000001F)  
[2022-Jun-27 17:44:10] [trace] [  JLink] - - 0.632ms returns -1  
[2022-Jun-27 17:44:10] [trace] [  JLink] - JLINK_HasError()  
[2022-Jun-27 17:44:10] [error] [SeggerBackend] - JLinkARM.dll reported "-1", "An unknown error.".
[2022-Jun-27 17:44:10] [trace] [  JLink] - JLINK_CORESIGHT_WriteAPDPReg(DP reg 0x00, 0x0000001F)  
[2022-Jun-27 17:44:10] [trace] [  JLink] - - 0.521ms returns -1  
[2022-Jun-27 17:44:10] [trace] [  JLink] - JLINK_HasError()  
[2022-Jun-27 17:44:10] [error] [SeggerBackend] - JLinkARM.dll reported "-1", "An unknown error.".
[2022-Jun-27 17:44:10] [trace] [  JLink] - JLINK_CORESIGHT_WriteAPDPReg(DP reg 0x02, 0x00000000)  
[2022-Jun-27 17:44:10] [trace] [  JLink] - - 0.570ms returns -1  
[2022-Jun-27 17:44:10] [trace] [  JLink] - JLINK_HasError()  
[2022-Jun-27 17:44:10] [error] [SeggerBackend] - JLinkARM.dll reported "-1", "An unknown error.".
[2022-Jun-27 17:44:10] [debug] [SeggerBackend] - ---just_abort_debug_action
[2022-Jun-27 17:44:10] [debug] [SeggerBackend] - Attempting to clear any configuration errors in debug port before closing connection. 
[2022-Jun-27 17:44:10] [trace] [  JLink] - JLINK_CORESIGHT_WriteAPDPReg(DP reg 0x00, 0x0000001F)  
[2022-Jun-27 17:44:10] [trace] [  JLink] - - 0.509ms returns -1  
[2022-Jun-27 17:44:10] [trace] [  JLink] - JLINK_HasError()  
[2022-Jun-27 17:44:10] [error] [SeggerBackend] - JLinkARM.dll reported "-1", "An unknown error.".
[2022-Jun-27 17:44:10] [trace] [  JLink] - JLINK_CORESIGHT_WriteAPDPReg(DP reg 0x00, 0x0000001F)  
[2022-Jun-27 17:44:10] [trace] [  JLink] - - 0.643ms returns -1  
[2022-Jun-27 17:44:10] [trace] [  JLink] - JLINK_HasError()  
[2022-Jun-27 17:44:10] [error] [SeggerBackend] - JLinkARM.dll reported "-1", "An unknown error.".
[2022-Jun-27 17:44:10] [trace] [  JLink] - JLINK_CORESIGHT_WriteAPDPReg(DP reg 0x00, 0x0000001F)  
[2022-Jun-27 17:44:10] [trace] [  JLink] - - 0.561ms returns -1  
[2022-Jun-27 17:44:10] [trace] [  JLink] - JLINK_HasError()  
[2022-Jun-27 17:44:10] [error] [SeggerBackend] - JLinkARM.dll reported "-1", "An unknown error.".
[2022-Jun-27 17:44:10] [trace] [  JLink] - JLINK_CORESIGHT_WriteAPDPReg(DP reg 0x00, 0x0000001F)  
[2022-Jun-27 17:44:10] [trace] [  JLink] - - 0.574ms returns -1  
[2022-Jun-27 17:44:10] [trace] [  JLink] - JLINK_HasError()  
[2022-Jun-27 17:44:10] [error] [SeggerBackend] - JLinkARM.dll reported "-1", "An unknown error.".
[2022-Jun-27 17:44:10] [trace] [  JLink] - JLINK_CORESIGHT_WriteAPDPReg(DP reg 0x00, 0x0000001F)  
[2022-Jun-27 17:44:10] [trace] [  JLink] - - 0.571ms returns -1  
[2022-Jun-27 17:44:10] [trace] [  JLink] - JLINK_HasError()  
[2022-Jun-27 17:44:10] [error] [SeggerBackend] - JLinkARM.dll reported "-1", "An unknown error.".
[2022-Jun-27 17:44:10] [trace] [  JLink] - JLINK_CORESIGHT_WriteAPDPReg(DP reg 0x02, 0x00000000)  
[2022-Jun-27 17:44:10] [trace] [  JLink] - - 0.568ms returns -1  
[2022-Jun-27 17:44:10] [trace] [  JLink] - JLINK_HasError()  
[2022-Jun-27 17:44:10] [error] [SeggerBackend] - JLinkARM.dll reported "-1", "An unknown error.".
[2022-Jun-27 17:44:10] [debug] [SeggerBackend] - ---just_abort_debug_action
[2022-Jun-27 17:44:10] [debug] [SeggerBackend] - Attempting to clear any configuration errors in debug port before closing connection. 
[2022-Jun-27 17:44:10] [trace] [  JLink] - JLINK_CORESIGHT_WriteAPDPReg(DP reg 0x00, 0x0000001F)  
[2022-Jun-27 17:44:10] [trace] [  JLink] - - 0.528ms returns -1  
[2022-Jun-27 17:44:10] [trace] [  JLink] - JLINK_HasError()  
[2022-Jun-27 17:44:10] [error] [SeggerBackend] - JLinkARM.dll reported "-1", "An unknown error.".
[2022-Jun-27 17:44:10] [trace] [  JLink] - JLINK_CORESIGHT_WriteAPDPReg(DP reg 0x00, 0x0000001F)  
[2022-Jun-27 17:44:10] [trace] [  JLink] - - 0.583ms returns -1  
[2022-Jun-27 17:44:10] [trace] [  JLink] - JLINK_HasError()  
[2022-Jun-27 17:44:10] [error] [SeggerBackend] - JLinkARM.dll reported "-1", "An unknown error.".
[2022-Jun-27 17:44:10] [trace] [  JLink] - JLINK_CORESIGHT_WriteAPDPReg(DP reg 0x00, 0x0000001F)  
[2022-Jun-27 17:44:10] [trace] [  JLink] - - 0.520ms returns -1  
[2022-Jun-27 17:44:10] [trace] [  JLink] - JLINK_HasError()  
[2022-Jun-27 17:44:10] [error] [SeggerBackend] - JLinkARM.dll reported "-1", "An unknown error.".
[2022-Jun-27 17:44:10] [trace] [  JLink] - JLINK_CORESIGHT_WriteAPDPReg(DP reg 0x00, 0x0000001F)  
[2022-Jun-27 17:44:10] [trace] [  JLink] - - 0.708ms returns -1  
[2022-Jun-27 17:44:10] [trace] [  JLink] - JLINK_HasError()  
[2022-Jun-27 17:44:10] [error] [SeggerBackend] - JLinkARM.dll reported "-1", "An unknown error.".
[2022-Jun-27 17:44:10] [trace] [  JLink] - JLINK_CORESIGHT_WriteAPDPReg(DP reg 0x00, 0x0000001F)  
[2022-Jun-27 17:44:10] [trace] [  JLink] - - 0.734ms returns -1  
[2022-Jun-27 17:44:10] [trace] [  JLink] - JLINK_HasError()  
[2022-Jun-27 17:44:10] [error] [SeggerBackend] - JLinkARM.dll reported "-1", "An unknown error.".
[2022-Jun-27 17:44:10] [trace] [  JLink] - JLINK_CORESIGHT_WriteAPDPReg(DP reg 0x02, 0x00000000)  
[2022-Jun-27 17:44:10] [trace] [  JLink] - - 0.640ms returns -1  
[2022-Jun-27 17:44:10] [trace] [  JLink] - JLINK_HasError()  
[2022-Jun-27 17:44:10] [error] [SeggerBackend] - JLinkARM.dll reported "-1", "An unknown error.".
[2022-Jun-27 17:44:10] [debug] [SeggerBackend] - ---just_abort_debug_action
[2022-Jun-27 17:44:10] [debug] [SeggerBackend] - Attempting to clear any configuration errors in debug port before closing connection. 
[2022-Jun-27 17:44:10] [trace] [  JLink] - JLINK_CORESIGHT_WriteAPDPReg(DP reg 0x00, 0x0000001F)  
[2022-Jun-27 17:44:10] [trace] [  JLink] - - 0.667ms returns -1  
[2022-Jun-27 17:44:10] [trace] [  JLink] - JLINK_HasError()  
[2022-Jun-27 17:44:10] [error] [SeggerBackend] - JLinkARM.dll reported "-1", "An unknown error.".
[2022-Jun-27 17:44:10] [trace] [  JLink] - JLINK_CORESIGHT_WriteAPDPReg(DP reg 0x00, 0x0000001F)  
[2022-Jun-27 17:44:10] [trace] [  JLink] - - 0.618ms returns -1  
[2022-Jun-27 17:44:10] [trace] [  JLink] - JLINK_HasError()  
[2022-Jun-27 17:44:10] [error] [SeggerBackend] - JLinkARM.dll reported "-1", "An unknown error.".
[2022-Jun-27 17:44:10] [trace] [  JLink] - JLINK_CORESIGHT_WriteAPDPReg(DP reg 0x00, 0x0000001F)  
[2022-Jun-27 17:44:10] [trace] [  JLink] - - 0.611ms returns -1  
[2022-Jun-27 17:44:10] [trace] [  JLink] - JLINK_HasError()  
[2022-Jun-27 17:44:10] [error] [SeggerBackend] - JLinkARM.dll reported "-1", "An unknown error.".
[2022-Jun-27 17:44:10] [trace] [  JLink] - JLINK_CORESIGHT_WriteAPDPReg(DP reg 0x00, 0x0000001F)  
[2022-Jun-27 17:44:10] [trace] [  JLink] - - 0.604ms returns -1  
[2022-Jun-27 17:44:10] [trace] [  JLink] - JLINK_HasError()  
[2022-Jun-27 17:44:10] [error] [SeggerBackend] - JLinkARM.dll reported "-1", "An unknown error.".
[2022-Jun-27 17:44:10] [trace] [  JLink] - JLINK_CORESIGHT_WriteAPDPReg(DP reg 0x00, 0x0000001F)  
[2022-Jun-27 17:44:10] [trace] [  JLink] - - 0.550ms returns -1  
[2022-Jun-27 17:44:10] [trace] [  JLink] - JLINK_HasError()  
[2022-Jun-27 17:44:10] [error] [SeggerBackend] - JLinkARM.dll reported "-1", "An unknown error.".
[2022-Jun-27 17:44:10] [trace] [  JLink] - JLINK_CORESIGHT_WriteAPDPReg(DP reg 0x02, 0x00000000)  
[2022-Jun-27 17:44:10] [trace] [  JLink] - - 0.511ms returns -1  
[2022-Jun-27 17:44:10] [trace] [  JLink] - JLINK_HasError()  
[2022-Jun-27 17:44:10] [error] [SeggerBackend] - JLinkARM.dll reported "-1", "An unknown error.".
[2022-Jun-27 17:44:10] [debug] [SeggerBackend] - ---just_abort_debug_action
[2022-Jun-27 17:44:10] [debug] [SeggerBackend] - Attempting to clear any configuration errors in debug port before closing connection. 
[2022-Jun-27 17:44:10] [trace] [  JLink] - JLINK_CORESIGHT_WriteAPDPReg(DP reg 0x00, 0x0000001F)  
[2022-Jun-27 17:44:10] [trace] [  JLink] - - 0.530ms returns -1  
[2022-Jun-27 17:44:10] [trace] [  JLink] - JLINK_HasError()  
[2022-Jun-27 17:44:10] [error] [SeggerBackend] - JLinkARM.dll reported "-1", "An unknown error.".
[2022-Jun-27 17:44:10] [trace] [  JLink] - JLINK_CORESIGHT_WriteAPDPReg(DP reg 0x00, 0x0000001F)  
[2022-Jun-27 17:44:10] [trace] [  JLink] - - 0.495ms returns -1  
[2022-Jun-27 17:44:10] [trace] [  JLink] - JLINK_HasError()  
[2022-Jun-27 17:44:10] [error] [SeggerBackend] - JLinkARM.dll reported "-1", "An unknown error.".
[2022-Jun-27 17:44:10] [trace] [  JLink] - JLINK_CORESIGHT_WriteAPDPReg(DP reg 0x00, 0x0000001F)  
[2022-Jun-27 17:44:10] [trace] [  JLink] - - 0.467ms returns -1  
[2022-Jun-27 17:44:10] [trace] [  JLink] - JLINK_HasError()  
[2022-Jun-27 17:44:10] [error] [SeggerBackend] - JLinkARM.dll reported "-1", "An unknown error.".
[2022-Jun-27 17:44:10] [trace] [  JLink] - JLINK_CORESIGHT_WriteAPDPReg(DP reg 0x00, 0x0000001F)  
[2022-Jun-27 17:44:10] [trace] [  JLink] - - 0.451ms returns -1  
[2022-Jun-27 17:44:10] [trace] [  JLink] - JLINK_HasError()  
[2022-Jun-27 17:44:10] [error] [SeggerBackend] - JLinkARM.dll reported "-1", "An unknown error.".
[2022-Jun-27 17:44:10] [trace] [  JLink] - JLINK_CORESIGHT_WriteAPDPReg(DP reg 0x00, 0x0000001F)  
[2022-Jun-27 17:44:10] [trace] [  JLink] - - 0.455ms returns -1  
[2022-Jun-27 17:44:10] [trace] [  JLink] - JLINK_HasError()  
[2022-Jun-27 17:44:10] [error] [SeggerBackend] - JLinkARM.dll reported "-1", "An unknown error.".
[2022-Jun-27 17:44:10] [trace] [  JLink] - - 0.021ms  
[2022-Jun-27 17:44:10] [trace] [  JLink] - JLINK_Close()  
[2022-Jun-27 17:44:10] [debug] [SeggerBackend] - Segger Backend closed.
[2022-Jun-27 17:44:10] [debug] [  nRF52] - nRF family DLL closed
[2022-Jun-27 17:44:10] [trace] [ Client] - Command close executed for 73 milliseconds with result 0
[2022-Jun-27 17:44:10] [debug] [ Client] - terminate
[2022-Jun-27 17:44:10] [trace] [ Client] - Command terminate executed for 0 milliseconds with result 0
[2022-Jun-27 17:44:10] [trace] [ Worker] - Command close executed for 72 milliseconds with result 0
[2022-Jun-27 17:44:10] [trace] [ Worker] - Command terminate executed for 0 milliseconds with result 0
[2022-Jun-27 17:44:10] [trace] [ Worker] - Executed 5 commands for 239 milliseconds
[2022-Jun-27 17:44:10] [debug] [ Client] - Worker process exited with code: 0
[2022-Jun-27 17:44:10] [debug] [ Client] - Worker process exited with code: 0
[2022-Jun-27 17:44:10] [debug] [ Client] - Child process terminated with result 0
[2022-Jun-27 17:44:10] [trace] [ Client] - Executed 5 commands for 302 milliseconds
[2022-Jun-27 17:44:10] [debug] [ Client] - terminate
